<?xml version="1.0" encoding="UTF-8"?>
<testsuite xmlns:xsi="http://www.w3.org/2001/XMLSchema-instance" xsi:noNamespaceSchemaLocation="https://maven.apache.org/surefire/maven-surefire-plugin/xsd/surefire-test-report.xsd" name="TestSuite" time="0.641" tests="5" errors="0" skipped="0" failures="0">
  <properties>
[...]
</properties>
  <testcase name="testAdd" classname="ua.pavlo.calc.samples" time="0.007"/>
  <testcase name="testDivide" classname="ua.pavlo.calc.samples" time="0"/>
  <testcase name="testMultiply" classname="ua.pavlo.calc.samples" time="0"/>
  <testcase name="testSquareSum" classname="ua.pavlo.calc.samples" time="0"/>
  <testcase name="testSubtract" classname="ua.pavlo.calc.samples" time="0"/>
</testsuite>