<?xml version="1.0" encoding="UTF-8"?>
<!-- Generated by org.testng.reporters.JUnitXMLReporter -->
<testsuite hostname="DESKTOP-S9VHNEO" ignored="0" name="calc" tests="5" failures="0" timestamp="12 лют. 2018 08:18:41 GMT" time="0.025" errors="0">
  <testcase name="testAdd" time="0.007" classname="ua.pavlo.calc.samples"/>
  <testcase name="testDivide" time="0.0" classname="ua.pavlo.calc.samples"/>
  <testcase name="testMultiply" time="0.0" classname="ua.pavlo.calc.samples"/>
  <testcase name="testSquareSum" time="0.0" classname="ua.pavlo.calc.samples"/>
  <testcase name="testSubtract" time="0.0" classname="ua.pavlo.calc.samples"/>
</testsuite> <!-- calc -->
